2025-11-14 10:19:43,917 - MiniCoinClient - INFO - Starting scenario: basic-valid-transactions
2025-11-14 10:19:43,917 - MiniCoinClient - INFO - MiniCoin Client initialized (id=anonymous-client)
2025-11-14 10:19:43,917 - MiniCoinClient - INFO - Connected to server at 127.0.0.1:8888
2025-11-14 10:19:43,918 - MiniCoinClient - INFO - [0001] Sent: PING {}
2025-11-14 10:19:43,918 - MiniCoinClient - INFO - [0001] Response: ok - pong
2025-11-14 10:19:44,419 - MiniCoinClient - INFO - [0002] Sent: BALANCE {}
2025-11-14 10:19:44,419 - MiniCoinClient - INFO - [0002] Response: ok - 
2025-11-14 10:19:44,920 - MiniCoinClient - INFO - [0003] Sent: DEPOSIT {'amount': 50.0}
2025-11-14 10:19:44,920 - MiniCoinClient - INFO - [0003] Response: ok - Deposito de 50.00 realizado com sucesso
2025-11-14 10:19:45,421 - MiniCoinClient - INFO - [0004] Sent: BALANCE {}
2025-11-14 10:19:45,421 - MiniCoinClient - INFO - [0004] Response: ok - 
2025-11-14 10:19:45,922 - MiniCoinClient - INFO - [0005] Sent: WITHDRAW {'amount': 30.0}
2025-11-14 10:19:45,922 - MiniCoinClient - INFO - [0005] Response: ok - Retirada de 30.00 realizada com sucesso
2025-11-14 10:19:46,423 - MiniCoinClient - INFO - [0006] Sent: BALANCE {}
2025-11-14 10:19:46,423 - MiniCoinClient - INFO - [0006] Response: ok - 
2025-11-14 10:19:46,924 - MiniCoinClient - INFO - [0007] Sent: BALANCE {}
2025-11-14 10:19:46,924 - MiniCoinClient - INFO - [0007] Response: ok - 
2025-11-14 10:19:46,924 - MiniCoinClient - INFO - [0008] Sent: VERIFY {}
2025-11-14 10:19:46,924 - MiniCoinClient - INFO - [0008] Response: ok - Blockchain integra
2025-11-14 10:19:46,924 - MiniCoinClient - INFO - Scenario basic-valid-transactions completed
2025-11-14 10:19:47,925 - MiniCoinClient - INFO - Starting scenario: overdraft-attempts
2025-11-14 10:19:47,925 - MiniCoinClient - INFO - MiniCoin Client initialized (id=anonymous-client)
2025-11-14 10:19:47,926 - MiniCoinClient - INFO - Connected to server at 127.0.0.1:8888
2025-11-14 10:19:47,926 - MiniCoinClient - INFO - [0001] Sent: PING {}
2025-11-14 10:19:47,926 - MiniCoinClient - INFO - [0001] Response: ok - pong
2025-11-14 10:19:48,426 - MiniCoinClient - INFO - [0002] Sent: BALANCE {}
2025-11-14 10:19:48,427 - MiniCoinClient - INFO - [0002] Response: ok - 
2025-11-14 10:19:48,928 - MiniCoinClient - INFO - [0003] Sent: WITHDRAW {'amount': 50.0}
2025-11-14 10:19:48,928 - MiniCoinClient - INFO - [0003] Response: ok - Retirada de 50.00 realizada com sucesso
2025-11-14 10:19:49,429 - MiniCoinClient - INFO - [0004] Sent: WITHDRAW {'amount': 100.0}
2025-11-14 10:19:49,429 - MiniCoinClient - INFO - [0004] Response: error - Saldo insuficiente. Saldo atual: 70.00, tentativa de retirada: 100.00
2025-11-14 10:19:49,929 - MiniCoinClient - INFO - [0005] Sent: WITHDRAW {'amount': 200.0}
2025-11-14 10:19:49,930 - MiniCoinClient - INFO - [0005] Response: error - Saldo insuficiente. Saldo atual: 70.00, tentativa de retirada: 200.00
2025-11-14 10:19:50,431 - MiniCoinClient - INFO - [0006] Sent: BALANCE {}
2025-11-14 10:19:50,431 - MiniCoinClient - INFO - [0006] Response: ok - 
2025-11-14 10:19:50,932 - MiniCoinClient - INFO - [0007] Sent: BALANCE {}
2025-11-14 10:19:50,932 - MiniCoinClient - INFO - [0007] Response: ok - 
2025-11-14 10:19:50,932 - MiniCoinClient - INFO - [0008] Sent: VERIFY {}
2025-11-14 10:19:50,932 - MiniCoinClient - INFO - [0008] Response: ok - Blockchain integra
2025-11-14 10:19:50,932 - MiniCoinClient - INFO - Scenario overdraft-attempts completed
2025-11-14 10:19:51,933 - MiniCoinClient - INFO - Starting scenario: multiple-transactions
2025-11-14 10:19:51,933 - MiniCoinClient - INFO - MiniCoin Client initialized (id=anonymous-client)
2025-11-14 10:19:51,934 - MiniCoinClient - INFO - Connected to server at 127.0.0.1:8888
2025-11-14 10:19:51,934 - MiniCoinClient - INFO - [0001] Sent: PING {}
2025-11-14 10:19:51,934 - MiniCoinClient - INFO - [0001] Response: ok - pong
2025-11-14 10:19:52,435 - MiniCoinClient - INFO - [0002] Sent: DEPOSIT {'amount': 100.0}
2025-11-14 10:19:52,435 - MiniCoinClient - INFO - [0002] Response: ok - Deposito de 100.00 realizado com sucesso
2025-11-14 10:19:52,936 - MiniCoinClient - INFO - [0003] Sent: DEPOSIT {'amount': 50.0}
2025-11-14 10:19:52,936 - MiniCoinClient - INFO - [0003] Response: ok - Deposito de 50.00 realizado com sucesso
2025-11-14 10:19:53,436 - MiniCoinClient - INFO - [0004] Sent: WITHDRAW {'amount': 80.0}
2025-11-14 10:19:53,437 - MiniCoinClient - INFO - [0004] Response: ok - Retirada de 80.00 realizada com sucesso
2025-11-14 10:19:53,937 - MiniCoinClient - INFO - [0005] Sent: DEPOSIT {'amount': 30.0}
2025-11-14 10:19:53,937 - MiniCoinClient - INFO - [0005] Response: ok - Deposito de 30.00 realizado com sucesso
2025-11-14 10:19:54,438 - MiniCoinClient - INFO - [0006] Sent: WITHDRAW {'amount': 120.0}
2025-11-14 10:19:54,438 - MiniCoinClient - INFO - [0006] Response: ok - Retirada de 120.00 realizada com sucesso
2025-11-14 10:19:54,939 - MiniCoinClient - INFO - [0007] Sent: BALANCE {}
2025-11-14 10:19:54,939 - MiniCoinClient - INFO - [0007] Response: ok - 
2025-11-14 10:19:55,440 - MiniCoinClient - INFO - [0008] Sent: BALANCE {}
2025-11-14 10:19:55,440 - MiniCoinClient - INFO - [0008] Response: ok - 
2025-11-14 10:19:55,440 - MiniCoinClient - INFO - [0009] Sent: VERIFY {}
2025-11-14 10:19:55,441 - MiniCoinClient - INFO - [0009] Response: ok - Blockchain integra
2025-11-14 10:19:55,441 - MiniCoinClient - INFO - Scenario multiple-transactions completed
2025-11-14 10:19:56,441 - MiniCoinClient - INFO - Starting scenario: invalid-values
2025-11-14 10:19:56,441 - MiniCoinClient - INFO - MiniCoin Client initialized (id=anonymous-client)
2025-11-14 10:19:56,442 - MiniCoinClient - INFO - Connected to server at 127.0.0.1:8888
2025-11-14 10:19:56,442 - MiniCoinClient - INFO - [0001] Sent: PING {}
2025-11-14 10:19:56,442 - MiniCoinClient - INFO - [0001] Response: ok - pong
2025-11-14 10:19:56,942 - MiniCoinClient - INFO - [0002] Sent: DEPOSIT {'amount': -10.0}
2025-11-14 10:19:56,942 - MiniCoinClient - INFO - [0002] Response: error - Valor de deposito deve ser positivo
2025-11-14 10:19:57,443 - MiniCoinClient - INFO - [0003] Sent: WITHDRAW {'amount': -5.0}
2025-11-14 10:19:57,443 - MiniCoinClient - INFO - [0003] Response: error - Valor de retirada deve ser positivo
2025-11-14 10:19:57,944 - MiniCoinClient - INFO - [0004] Sent: DEPOSIT {'amount': 0.0}
2025-11-14 10:19:57,944 - MiniCoinClient - INFO - [0004] Response: error - Valor de deposito deve ser positivo
2025-11-14 10:19:58,445 - MiniCoinClient - INFO - [0005] Sent: BALANCE {}
2025-11-14 10:19:58,445 - MiniCoinClient - INFO - [0005] Response: ok - 
2025-11-14 10:19:58,946 - MiniCoinClient - INFO - [0006] Sent: BALANCE {}
2025-11-14 10:19:58,947 - MiniCoinClient - INFO - [0006] Response: ok - 
2025-11-14 10:19:58,947 - MiniCoinClient - INFO - [0007] Sent: VERIFY {}
2025-11-14 10:19:58,947 - MiniCoinClient - INFO - [0007] Response: ok - Blockchain integra
2025-11-14 10:19:58,947 - MiniCoinClient - INFO - Scenario invalid-values completed
2025-11-14 10:19:59,949 - MiniCoinClient - INFO - Starting scenario: random-transactions
2025-11-14 10:19:59,949 - MiniCoinClient - INFO - MiniCoin Client initialized (id=anonymous-client)
2025-11-14 10:19:59,949 - MiniCoinClient - INFO - Connected to server at 127.0.0.1:8888
2025-11-14 10:19:59,949 - MiniCoinClient - INFO - [0001] Sent: PING {}
2025-11-14 10:19:59,950 - MiniCoinClient - INFO - [0001] Response: ok - pong
2025-11-14 10:20:00,450 - MiniCoinClient - INFO - [0002] Sent: WITHDRAW {'amount': 122.87}
2025-11-14 10:20:00,451 - MiniCoinClient - INFO - [0002] Response: error - Saldo insuficiente. Saldo atual: 50.00, tentativa de retirada: 122.87
2025-11-14 10:20:00,952 - MiniCoinClient - INFO - [0003] Sent: DEPOSIT {'amount': 83.55}
2025-11-14 10:20:00,952 - MiniCoinClient - INFO - [0003] Response: ok - Deposito de 83.55 realizado com sucesso
2025-11-14 10:20:01,453 - MiniCoinClient - INFO - [0004] Sent: WITHDRAW {'amount': 116.98}
2025-11-14 10:20:01,453 - MiniCoinClient - INFO - [0004] Response: ok - Retirada de 116.98 realizada com sucesso
2025-11-14 10:20:01,954 - MiniCoinClient - INFO - [0005] Sent: WITHDRAW {'amount': 37.12}
2025-11-14 10:20:01,955 - MiniCoinClient - INFO - [0005] Response: error - Saldo insuficiente. Saldo atual: 16.57, tentativa de retirada: 37.12
2025-11-14 10:20:02,455 - MiniCoinClient - INFO - [0006] Sent: WITHDRAW {'amount': 103.25}
2025-11-14 10:20:02,456 - MiniCoinClient - INFO - [0006] Response: error - Saldo insuficiente. Saldo atual: 16.57, tentativa de retirada: 103.25
2025-11-14 10:20:02,957 - MiniCoinClient - INFO - [0007] Sent: DEPOSIT {'amount': 37.6}
2025-11-14 10:20:02,957 - MiniCoinClient - INFO - [0007] Response: ok - Deposito de 37.60 realizado com sucesso
2025-11-14 10:20:03,458 - MiniCoinClient - INFO - [0008] Sent: WITHDRAW {'amount': 57.43}
2025-11-14 10:20:03,458 - MiniCoinClient - INFO - [0008] Response: error - Saldo insuficiente. Saldo atual: 54.17, tentativa de retirada: 57.43
2025-11-14 10:20:03,959 - MiniCoinClient - INFO - [0009] Sent: DEPOSIT {'amount': 57.98}
2025-11-14 10:20:03,959 - MiniCoinClient - INFO - [0009] Response: ok - Deposito de 57.98 realizado com sucesso
2025-11-14 10:20:04,460 - MiniCoinClient - INFO - [0010] Sent: DEPOSIT {'amount': 53.87}
2025-11-14 10:20:04,460 - MiniCoinClient - INFO - [0010] Response: ok - Deposito de 53.87 realizado com sucesso
2025-11-14 10:20:04,961 - MiniCoinClient - INFO - [0011] Sent: DEPOSIT {'amount': 79.6}
2025-11-14 10:20:04,961 - MiniCoinClient - INFO - [0011] Response: ok - Deposito de 79.60 realizado com sucesso
2025-11-14 10:20:05,462 - MiniCoinClient - INFO - [0012] Sent: BALANCE {}
2025-11-14 10:20:05,462 - MiniCoinClient - INFO - [0012] Response: ok - 
2025-11-14 10:20:05,462 - MiniCoinClient - INFO - [0013] Sent: VERIFY {}
2025-11-14 10:20:05,462 - MiniCoinClient - INFO - [0013] Response: ok - Blockchain integra
2025-11-14 10:20:05,462 - MiniCoinClient - INFO - Scenario random-transactions completed
2025-11-14 10:20:05,462 - MiniCoinClient - INFO - Simulation completed: 21/30 successful
